<?xml version="1.0" encoding="UTF-8"?>
<testsuite xmlns:xsi="http://www.w3.org/2001/XMLSchema-instance" xsi:noNamespaceSchemaLocation="https://maven.apache.org/surefire/maven-surefire-plugin/xsd/surefire-test-report.xsd" version="3.0.2" name="br.com.hestia.HestIaApplicationTests" time="14.985" tests="1" errors="0" skipped="0" failures="0" flakes="0">
  <properties>
[...]
</properties>
  <testcase name="contextLoads" classname="br.com.hestia.HestIaApplicationTests" time="1.045">
    <system-out><![CDATA[15:31:44.127 [main] INFO org.springframework.test.context.support.AnnotationConfigContextLoaderUtils -- Could not detect default configuration classes for test class [br.com.hestia.HestIaApplicationTests]: HestIaApplicationTests does not declare any static, non-private, non-final, nested classes annotated with @Configuration.
15:31:44.328 [main] INFO org.springframework.boot.test.context.SpringBootTestContextBootstrapper -- Found @SpringBootConfiguration br.com.hestia.HestIaApplication for test class br.com.hestia.HestIaApplicationTests
15:31:44.538 [main] INFO org.springframework.test.context.support.AnnotationConfigContextLoaderUtils -- Could not detect default configuration classes for test class [br.com.hestia.HestIaApplicationTests]: HestIaApplicationTests does not declare any static, non-private, non-final, nested classes annotated with @Configuration.
15:31:44.540 [main] INFO org.springframework.boot.test.context.SpringBootTestContextBootstrapper -- Found @SpringBootConfiguration br.com.hestia.HestIaApplication for test class br.com.hestia.HestIaApplicationTests

  .   ____          _            __ _ _
 /\\ / ___'_ __ _ _(_)_ __  __ _ \ \ \ \
( ( )\___ | '_ | '_| | '_ \/ _` | \ \ \ \
 \\/  ___)| |_)| | | | | || (_| |  ) ) ) )
  '  |____| .__|_| |_|_| |_\__, | / / / /
 =========|_|==============|___/=/_/_/_/

 :: Spring Boot ::                (v4.1.1)

2026-08-24T15:31:45.142-03:00  INFO 2240 --- [HestIA] [           main] br.com.hestia.HestIaApplicationTests     : Starting HestIaApplicationTests using Java 25.0.2 with PID 2240 (started by luccas.toffano in C:\Users\luccas.toffano\OneDrive - ESPM\Projeto4\ProjetoGit\HestIA)
2026-08-24T15:31:45.144-03:00  INFO 2240 --- [HestIA] [           main] br.com.hestia.HestIaApplicationTests     : No active profile set, falling back to 1 default profile: "default"
2026-08-24T15:31:46.436-03:00  INFO 2240 --- [HestIA] [           main] .s.d.r.c.RepositoryConfigurationDelegate : Bootstrapping Spring Data JPA repositories in DEFAULT mode.
2026-08-24T15:31:46.473-03:00  INFO 2240 --- [HestIA] [           main] .s.d.r.c.RepositoryConfigurationDelegate : Finished Spring Data repository scanning in 21 ms. Found 0 JPA repository interfaces.
2026-08-24T15:31:47.121-03:00  INFO 2240 --- [HestIA] [           main] org.hibernate.orm.jpa                    : HHH008540: Processing PersistenceUnitInfo [name: default]
2026-08-24T15:31:47.357-03:00  INFO 2240 --- [HestIA] [           main] org.hibernate.orm.core                   : HHH000001: Hibernate ORM core version 7.4.5.Final
2026-08-24T15:31:50.494-03:00  INFO 2240 --- [HestIA] [           main] o.s.o.j.p.SpringPersistenceUnitInfo      : No LoadTimeWeaver setup: ignoring JPA class transformer
2026-08-24T15:31:50.742-03:00  INFO 2240 --- [HestIA] [           main] com.zaxxer.hikari.HikariDataSource       : HikariPool-1 - Starting...
2026-08-24T15:31:52.062-03:00  INFO 2240 --- [HestIA] [           main] com.zaxxer.hikari.pool.HikariPool        : HikariPool-1 - Added connection org.postgresql.jdbc.PgConnection@78bd02c8
2026-08-24T15:31:52.064-03:00  INFO 2240 --- [HestIA] [           main] com.zaxxer.hikari.HikariDataSource       : HikariPool-1 - Start completed.
2026-08-24T15:31:52.709-03:00  INFO 2240 --- [HestIA] [           main] org.hibernate.orm.connections.pooling    : HHH10001005: Database info:
	Database JDBC URL [jdbc:postgresql://localhost:5432/hestia]
	Database driver: PostgreSQL JDBC Driver
	Database dialect: PostgreSQLDialect
	Database version: 18.6
	Default catalog/schema: hestia/public
	Autocommit mode: undefined/unknown
	Isolation level: READ_COMMITTED [default READ_COMMITTED]
	JDBC fetch size: none
	Pool: DataSourceConnectionProvider
	Minimum pool size: undefined/unknown
	Maximum pool size: undefined/unknown
2026-08-24T15:31:55.444-03:00  INFO 2240 --- [HestIA] [           main] org.hibernate.orm.core                   : HHH000489: No JTA platform available (set 'hibernate.transaction.jta.platform' to enable JTA platform integration)
Hibernate: create table empresas (id_empresa bigint generated by default as identity, cnpj varchar(14) not null, data_cadastro timestamp(6) not null, email varchar(150) not null, nome_fantasia varchar(100) not null, porte varchar(20) not null check ((porte in ('MICRO','PEQUENA','MEDIA','GRANDE'))), razao_social varchar(150) not null, setor varchar(40) not null check ((setor in ('TECNOLOGIA','EDUCACAO','SAUDE','FINANCEIRO','INDUSTRIA','COMERCIO','SERVICOS','AGRONEGOCIO','OUTRO'))), status varchar(10) not null check ((status in ('ATIVA','INATIVA'))), telefone varchar(11) not null, primary key (id_empresa))
Hibernate: alter table if exists empresas drop constraint if exists uk_empresa_cnpj
2026-08-24T15:31:55.981-03:00  WARN 2240 --- [HestIA] [           main] org.hibernate.orm.jdbc.warn              : HHH000247: ErrorCode: 0, SQLState: 00000
2026-08-24T15:31:55.981-03:00  WARN 2240 --- [HestIA] [           main] org.hibernate.orm.jdbc.warn              : constraint "uk_empresa_cnpj" of relation "empresas" does not exist, skipping
Hibernate: alter table if exists empresas add constraint uk_empresa_cnpj unique (cnpj)
2026-08-24T15:31:55.988-03:00  INFO 2240 --- [HestIA] [           main] j.LocalContainerEntityManagerFactoryBean : Initialized JPA EntityManagerFactory for persistence unit 'default'
2026-08-24T15:31:56.245-03:00  WARN 2240 --- [HestIA] [           main] JpaBaseConfiguration$JpaWebConfiguration : spring.jpa.open-in-view is enabled by default. Therefore, database queries may be performed during view rendering. Explicitly configure spring.jpa.open-in-view to disable this warning
2026-08-24T15:31:57.655-03:00  INFO 2240 --- [HestIA] [           main] br.com.hestia.HestIaApplicationTests     : Started HestIaApplicationTests in 12.991 seconds (process running for 15.258)
]]></system-out>
    <system-err><![CDATA[Mockito is currently self-attaching to enable the inline-mock-maker. This will no longer work in future releases of the JDK. Please add Mockito as an agent to your build as described in Mockito's documentation: https://javadoc.io/doc/org.mockito/mockito-core/latest/org.mockito/org/mockito/Mockito.html#0.3
WARNING: A Java agent has been loaded dynamically (C:\Users\luccas.toffano\.m2\repository\net\bytebuddy\byte-buddy-agent\1.18.11\byte-buddy-agent-1.18.11.jar)
WARNING: If a serviceability tool is in use, please run with -XX:+EnableDynamicAgentLoading to hide this warning
WARNING: If a serviceability tool is not in use, please run with -Djdk.instrument.traceUsage for more information
WARNING: Dynamic loading of agents will be disallowed by default in a future release
]]></system-err>
  </testcase>
</testsuite>